<?xml version="1.0" encoding="UTF-8"?>
<!-- Generated by org.testng.reporters.JUnitReportReporter -->
<testsuite hostname="LAPTOP-QVVO4M11" failures="0" tests="3" name="pract.general" time="7.820" errors="0" timestamp="2024-05-19T18:03:25 IST" skipped="0">
  <testcase classname="pract.general" name="page" time="5.133"/>
  <system-out/>
  <testcase classname="pract.general" name="get" time="0.012"/>
  <system-out/>
  <testcase classname="pract.general" name="scrnshot" time="2.675"/>
  <system-out/>
</testsuite> <!-- pract.general -->
